{"D:\\workspace\\UnityMCP-VRC\\unity-mcp-server\\src\\communication\\UnityConnection.ts": {"path":"D:\\workspace\\UnityMCP-VRC\\unity-mcp-server\\src\\communication\\UnityConnection.ts","statementMap":{"0":{"start":{"line":8,"column":41},"end":{"line":8,"column":null}},"1":{"start":{"line":10,"column":34},"end":{"line":10,"column":null}},"2":{"start":{"line":11,"column":38},"end":{"line":11,"column":null}},"3":{"start":{"line":14,"column":62},"end":{"line":14,"column":null}},"4":{"start":{"line":17,"column":4},"end":{"line":17,"column":null}},"5":{"start":{"line":18,"column":4},"end":{"line":18,"column":null}},"6":{"start":{"line":22,"column":4},"end":{"line":22,"column":null}},"7":{"start":{"line":24,"column":4},"end":{"line":28,"column":null}},"8":{"start":{"line":25,"column":6},"end":{"line":27,"column":null}},"9":{"start":{"line":30,"column":4},"end":{"line":32,"column":null}},"10":{"start":{"line":31,"column":6},"end":{"line":31,"column":null}},"11":{"start":{"line":34,"column":4},"end":{"line":56,"column":null}},"12":{"start":{"line":35,"column":6},"end":{"line":35,"column":null}},"13":{"start":{"line":36,"column":6},"end":{"line":36,"column":null}},"14":{"start":{"line":38,"column":6},"end":{"line":46,"column":null}},"15":{"start":{"line":39,"column":8},"end":{"line":45,"column":null}},"16":{"start":{"line":40,"column":26},"end":{"line":40,"column":null}},"17":{"start":{"line":41,"column":10},"end":{"line":41,"column":null}},"18":{"start":{"line":42,"column":10},"end":{"line":42,"column":null}},"19":{"start":{"line":44,"column":10},"end":{"line":44,"column":null}},"20":{"start":{"line":48,"column":6},"end":{"line":50,"column":null}},"21":{"start":{"line":49,"column":8},"end":{"line":49,"column":null}},"22":{"start":{"line":52,"column":6},"end":{"line":55,"column":null}},"23":{"start":{"line":53,"column":8},"end":{"line":53,"column":null}},"24":{"start":{"line":54,"column":8},"end":{"line":54,"column":null}},"25":{"start":{"line":60,"column":4},"end":{"line":78,"column":null}},"26":{"start":{"line":62,"column":8},"end":{"line":62,"column":null}},"27":{"start":{"line":63,"column":8},"end":{"line":63,"column":null}},"28":{"start":{"line":66,"column":8},"end":{"line":66,"column":null}},"29":{"start":{"line":67,"column":8},"end":{"line":67,"column":null}},"30":{"start":{"line":70,"column":8},"end":{"line":70,"column":null}},"31":{"start":{"line":71,"column":8},"end":{"line":73,"column":null}},"32":{"start":{"line":72,"column":10},"end":{"line":72,"column":null}},"33":{"start":{"line":74,"column":8},"end":{"line":74,"column":null}},"34":{"start":{"line":77,"column":8},"end":{"line":77,"column":null}},"35":{"start":{"line":83,"column":4},"end":{"line":83,"column":null}},"36":{"start":{"line":84,"column":4},"end":{"line":86,"column":null}},"37":{"start":{"line":85,"column":6},"end":{"line":85,"column":null}},"38":{"start":{"line":91,"column":4},"end":{"line":91,"column":null}},"39":{"start":{"line":95,"column":4},"end":{"line":95,"column":null}},"40":{"start":{"line":99,"column":4},"end":{"line":99,"column":null}},"41":{"start":{"line":103,"column":4},"end":{"line":109,"column":null}},"42":{"start":{"line":104,"column":6},"end":{"line":104,"column":null}},"43":{"start":{"line":106,"column":6},"end":{"line":108,"column":null}},"44":{"start":{"line":113,"column":4},"end":{"line":113,"column":null}},"45":{"start":{"line":113,"column":25},"end":{"line":113,"column":null}},"46":{"start":{"line":115,"column":4},"end":{"line":125,"column":null}},"47":{"start":{"line":116,"column":22},"end":{"line":116,"column":null}},"48":{"start":{"line":116,"column":39},"end":{"line":116,"column":55}},"49":{"start":{"line":118,"column":32},"end":{"line":122,"column":null}},"50":{"start":{"line":119,"column":8},"end":{"line":119,"column":null}},"51":{"start":{"line":120,"column":8},"end":{"line":120,"column":null}},"52":{"start":{"line":121,"column":8},"end":{"line":121,"column":null}},"53":{"start":{"line":124,"column":6},"end":{"line":124,"column":null}},"54":{"start":{"line":129,"column":4},"end":{"line":132,"column":null}},"55":{"start":{"line":130,"column":6},"end":{"line":130,"column":null}},"56":{"start":{"line":131,"column":6},"end":{"line":131,"column":null}},"57":{"start":{"line":133,"column":4},"end":{"line":133,"column":null}}},"fnMap":{"0":{"name":"(anonymous_0)","decl":{"start":{"line":16,"column":2},"end":{"line":16,"column":14}},"loc":{"start":{"line":16,"column":35},"end":{"line":19,"column":null}},"line":16},"1":{"name":"(anonymous_1)","decl":{"start":{"line":21,"column":10},"end":{"line":21,"column":27}},"loc":{"start":{"line":21,"column":27},"end":{"line":57,"column":null}},"line":21},"2":{"name":"(anonymous_2)","decl":{"start":{"line":24,"column":34},"end":{"line":24,"column":40}},"loc":{"start":{"line":24,"column":40},"end":{"line":28,"column":5}},"line":24},"3":{"name":"(anonymous_3)","decl":{"start":{"line":30,"column":30},"end":{"line":30,"column":31}},"loc":{"start":{"line":30,"column":41},"end":{"line":32,"column":5}},"line":30},"4":{"name":"(anonymous_4)","decl":{"start":{"line":34,"column":35},"end":{"line":34,"column":36}},"loc":{"start":{"line":34,"column":54},"end":{"line":56,"column":5}},"line":34},"5":{"name":"(anonymous_5)","decl":{"start":{"line":38,"column":23},"end":{"line":38,"column":24}},"loc":{"start":{"line":38,"column":41},"end":{"line":46,"column":7}},"line":38},"6":{"name":"(anonymous_6)","decl":{"start":{"line":48,"column":21},"end":{"line":48,"column":22}},"loc":{"start":{"line":48,"column":32},"end":{"line":50,"column":7}},"line":48},"7":{"name":"(anonymous_7)","decl":{"start":{"line":52,"column":21},"end":{"line":52,"column":27}},"loc":{"start":{"line":52,"column":27},"end":{"line":55,"column":7}},"line":52},"8":{"name":"(anonymous_8)","decl":{"start":{"line":59,"column":10},"end":{"line":59,"column":29}},"loc":{"start":{"line":59,"column":43},"end":{"line":79,"column":null}},"line":59},"9":{"name":"(anonymous_9)","decl":{"start":{"line":81,"column":10},"end":{"line":81,"column":27}},"loc":{"start":{"line":81,"column":47},"end":{"line":87,"column":null}},"line":81},"10":{"name":"(anonymous_10)","decl":{"start":{"line":90,"column":9},"end":{"line":90,"column":32}},"loc":{"start":{"line":90,"column":32},"end":{"line":92,"column":null}},"line":90},"11":{"name":"(anonymous_11)","decl":{"start":{"line":94,"column":9},"end":{"line":94,"column":36}},"loc":{"start":{"line":94,"column":36},"end":{"line":96,"column":null}},"line":94},"12":{"name":"(anonymous_12)","decl":{"start":{"line":98,"column":9},"end":{"line":98,"column":26}},"loc":{"start":{"line":98,"column":69},"end":{"line":100,"column":null}},"line":98},"13":{"name":"(anonymous_13)","decl":{"start":{"line":102,"column":9},"end":{"line":102,"column":21}},"loc":{"start":{"line":102,"column":52},"end":{"line":110,"column":null}},"line":102},"14":{"name":"(anonymous_14)","decl":{"start":{"line":112,"column":15},"end":{"line":112,"column":33}},"loc":{"start":{"line":112,"column":78},"end":{"line":126,"column":null}},"line":112},"15":{"name":"(anonymous_15)","decl":{"start":{"line":115,"column":32},"end":{"line":115,"column":33}},"loc":{"start":{"line":115,"column":45},"end":{"line":125,"column":5}},"line":115},"16":{"name":"(anonymous_16)","decl":{"start":{"line":116,"column":33},"end":{"line":116,"column":39}},"loc":{"start":{"line":116,"column":39},"end":{"line":116,"column":55}},"line":116},"17":{"name":"(anonymous_17)","decl":{"start":{"line":118,"column":32},"end":{"line":118,"column":38}},"loc":{"start":{"line":118,"column":38},"end":{"line":122,"column":null}},"line":118},"18":{"name":"(anonymous_18)","decl":{"start":{"line":128,"column":9},"end":{"line":128,"column":23}},"loc":{"start":{"line":128,"column":23},"end":{"line":134,"column":null}},"line":128}},"branchMap":{"0":{"loc":{"start":{"line":16,"column":14},"end":{"line":16,"column":35}},"type":"default-arg","locations":[{"start":{"line":16,"column":29},"end":{"line":16,"column":35}}],"line":16},"1":{"loc":{"start":{"line":60,"column":4},"end":{"line":78,"column":null}},"type":"switch","locations":[{"start":{"line":61,"column":6},"end":{"line":63,"column":null}},{"start":{"line":65,"column":6},"end":{"line":67,"column":null}},{"start":{"line":69,"column":6},"end":{"line":74,"column":null}},{"start":{"line":76,"column":6},"end":{"line":77,"column":null}}],"line":60},"2":{"loc":{"start":{"line":71,"column":8},"end":{"line":73,"column":null}},"type":"if","locations":[{"start":{"line":71,"column":8},"end":{"line":73,"column":null}},{"start":{},"end":{}}],"line":71},"3":{"loc":{"start":{"line":84,"column":4},"end":{"line":86,"column":null}},"type":"if","locations":[{"start":{"line":84,"column":4},"end":{"line":86,"column":null}},{"start":{},"end":{}}],"line":84},"4":{"loc":{"start":{"line":103,"column":4},"end":{"line":109,"column":null}},"type":"if","locations":[{"start":{"line":103,"column":4},"end":{"line":109,"column":null}},{"start":{"line":105,"column":11},"end":{"line":109,"column":null}}],"line":103},"5":{"loc":{"start":{"line":112,"column":33},"end":{"line":112,"column":78}},"type":"default-arg","locations":[{"start":{"line":112,"column":53},"end":{"line":112,"column":78}}],"line":112},"6":{"loc":{"start":{"line":113,"column":4},"end":{"line":113,"column":null}},"type":"if","locations":[{"start":{"line":113,"column":4},"end":{"line":113,"column":null}},{"start":{},"end":{}}],"line":113},"7":{"loc":{"start":{"line":129,"column":4},"end":{"line":132,"column":null}},"type":"if","locations":[{"start":{"line":129,"column":4},"end":{"line":132,"column":null}},{"start":{},"end":{}}],"line":129}},"s":{"0":0,"1":0,"2":0,"3":0,"4":0,"5":0,"6":0,"7":0,"8":0,"9":0,"10":0,"11":0,"12":0,"13":0,"14":0,"15":0,"16":0,"17":0,"18":0,"19":0,"20":0,"21":0,"22":0,"23":0,"24":0,"25":0,"26":0,"27":0,"28":0,"29":0,"30":0,"31":0,"32":0,"33":0,"34":0,"35":0,"36":0,"37":0,"38":0,"39":0,"40":0,"41":0,"42":0,"43":0,"44":0,"45":0,"46":0,"47":0,"48":0,"49":0,"50":0,"51":0,"52":0,"53":0,"54":0,"55":0,"56":0,"57":0},"f":{"0":0,"1":0,"2":0,"3":0,"4":0,"5":0,"6":0,"7":0,"8":0,"9":0,"10":0,"11":0,"12":0,"13":0,"14":0,"15":0,"16":0,"17":0,"18":0},"b":{"0":[0],"1":[0,0,0,0],"2":[0,0],"3":[0,0],"4":[0,0],"5":[0],"6":[0,0],"7":[0,0]},"meta":{"lastBranch":8,"lastFunction":19,"lastStatement":58,"seen":{"s:8:41:8:Infinity":0,"s:10:34:10:Infinity":1,"s:11:38:11:Infinity":2,"s:14:62:14:Infinity":3,"f:16:2:16:14":0,"b:16:29:16:35":0,"s:17:4:17:Infinity":4,"s:18:4:18:Infinity":5,"f:21:10:21:27":1,"s:22:4:22:Infinity":6,"s:24:4:28:Infinity":7,"f:24:34:24:40":2,"s:25:6:27:Infinity":8,"s:30:4:32:Infinity":9,"f:30:30:30:31":3,"s:31:6:31:Infinity":10,"s:34:4:56:Infinity":11,"f:34:35:34:36":4,"s:35:6:35:Infinity":12,"s:36:6:36:Infinity":13,"s:38:6:46:Infinity":14,"f:38:23:38:24":5,"s:39:8:45:Infinity":15,"s:40:26:40:Infinity":16,"s:41:10:41:Infinity":17,"s:42:10:42:Infinity":18,"s:44:10:44:Infinity":19,"s:48:6:50:Infinity":20,"f:48:21:48:22":6,"s:49:8:49:Infinity":21,"s:52:6:55:Infinity":22,"f:52:21:52:27":7,"s:53:8:53:Infinity":23,"s:54:8:54:Infinity":24,"f:59:10:59:29":8,"b:61:6:63:Infinity:65:6:67:Infinity:69:6:74:Infinity:76:6:77:Infinity":1,"s:60:4:78:Infinity":25,"s:62:8:62:Infinity":26,"s:63:8:63:Infinity":27,"s:66:8:66:Infinity":28,"s:67:8:67:Infinity":29,"s:70:8:70:Infinity":30,"b:71:8:73:Infinity:undefined:undefined:undefined:undefined":2,"s:71:8:73:Infinity":31,"s:72:10:72:Infinity":32,"s:74:8:74:Infinity":33,"s:77:8:77:Infinity":34,"f:81:10:81:27":9,"s:83:4:83:Infinity":35,"b:84:4:86:Infinity:undefined:undefined:undefined:undefined":3,"s:84:4:86:Infinity":36,"s:85:6:85:Infinity":37,"f:90:9:90:32":10,"s:91:4:91:Infinity":38,"f:94:9:94:36":11,"s:95:4:95:Infinity":39,"f:98:9:98:26":12,"s:99:4:99:Infinity":40,"f:102:9:102:21":13,"b:103:4:109:Infinity:105:11:109:Infinity":4,"s:103:4:109:Infinity":41,"s:104:6:104:Infinity":42,"s:106:6:108:Infinity":43,"f:112:15:112:33":14,"b:112:53:112:78":5,"b:113:4:113:Infinity:undefined:undefined:undefined:undefined":6,"s:113:4:113:Infinity":44,"s:113:25:113:Infinity":45,"s:115:4:125:Infinity":46,"f:115:32:115:33":15,"s:116:22:116:Infinity":47,"f:116:33:116:39":16,"s:116:39:116:55":48,"s:118:32:122:Infinity":49,"f:118:32:118:38":17,"s:119:8:119:Infinity":50,"s:120:8:120:Infinity":51,"s:121:8:121:Infinity":52,"s:124:6:124:Infinity":53,"f:128:9:128:23":18,"b:129:4:132:Infinity:undefined:undefined:undefined:undefined":7,"s:129:4:132:Infinity":54,"s:130:6:130:Infinity":55,"s:131:6:131:Infinity":56,"s:133:4:133:Infinity":57}}}
,"D:\\workspace\\UnityMCP-VRC\\unity-mcp-server\\src\\resources\\TextResource.ts": {"path":"D:\\workspace\\UnityMCP-VRC\\unity-mcp-server\\src\\resources\\TextResource.ts","statementMap":{"0":{"start":{"line":10,"column":4},"end":{"line":10,"column":null}},"1":{"start":{"line":11,"column":4},"end":{"line":11,"column":null}},"2":{"start":{"line":15,"column":4},"end":{"line":20,"column":null}},"3":{"start":{"line":24,"column":4},"end":{"line":29,"column":null}},"4":{"start":{"line":25,"column":6},"end":{"line":25,"column":null}},"5":{"start":{"line":27,"column":6},"end":{"line":27,"column":null}},"6":{"start":{"line":28,"column":6},"end":{"line":28,"column":null}},"7":{"start":{"line":36,"column":2},"end":{"line":45,"column":null}},"8":{"start":{"line":37,"column":22},"end":{"line":37,"column":null}},"9":{"start":{"line":39,"column":4},"end":{"line":41,"column":null}},"10":{"start":{"line":40,"column":16},"end":{"line":40,"column":null}},"11":{"start":{"line":43,"column":4},"end":{"line":43,"column":null}},"12":{"start":{"line":44,"column":4},"end":{"line":44,"column":null}}},"fnMap":{"0":{"name":"(anonymous_0)","decl":{"start":{"line":9,"column":2},"end":{"line":9,"column":14}},"loc":{"start":{"line":9,"column":32},"end":{"line":12,"column":null}},"line":9},"1":{"name":"(anonymous_1)","decl":{"start":{"line":14,"column":2},"end":{"line":14,"column":38}},"loc":{"start":{"line":14,"column":38},"end":{"line":21,"column":null}},"line":14},"2":{"name":"(anonymous_2)","decl":{"start":{"line":23,"column":8},"end":{"line":23,"column":20}},"loc":{"start":{"line":23,"column":63},"end":{"line":30,"column":null}},"line":23},"3":{"name":"loadTextResources","decl":{"start":{"line":33,"column":22},"end":{"line":33,"column":null}},"loc":{"start":{"line":35,"column":27},"end":{"line":46,"column":null}},"line":35},"4":{"name":"(anonymous_4)","decl":{"start":{"line":40,"column":6},"end":{"line":40,"column":7}},"loc":{"start":{"line":40,"column":16},"end":{"line":40,"column":null}},"line":40}},"branchMap":{},"s":{"0":0,"1":0,"2":0,"3":0,"4":0,"5":0,"6":0,"7":0,"8":0,"9":0,"10":0,"11":0,"12":0},"f":{"0":0,"1":0,"2":0,"3":0,"4":0},"b":{},"meta":{"lastBranch":0,"lastFunction":5,"lastStatement":13,"seen":{"f:9:2:9:14":0,"s:10:4:10:Infinity":0,"s:11:4:11:Infinity":1,"f:14:2:14:38":1,"s:15:4:20:Infinity":2,"f:23:8:23:20":2,"s:24:4:29:Infinity":3,"s:25:6:25:Infinity":4,"s:27:6:27:Infinity":5,"s:28:6:28:Infinity":6,"f:33:22:33:Infinity":3,"s:36:2:45:Infinity":7,"s:37:22:37:Infinity":8,"s:39:4:41:Infinity":9,"f:40:6:40:7":4,"s:40:16:40:Infinity":10,"s:43:4:43:Infinity":11,"s:44:4:44:Infinity":12}}}
,"D:\\workspace\\UnityMCP-VRC\\unity-mcp-server\\src\\resources\\types.ts": {"path":"D:\\workspace\\UnityMCP-VRC\\unity-mcp-server\\src\\resources\\types.ts","statementMap":{},"fnMap":{},"branchMap":{},"s":{},"f":{},"b":{},"meta":{"lastBranch":0,"lastFunction":0,"lastStatement":0,"seen":{}}}
,"D:\\workspace\\UnityMCP-VRC\\unity-mcp-server\\src\\tools\\ExecuteEditorCommandTool.ts": {"path":"D:\\workspace\\UnityMCP-VRC\\unity-mcp-server\\src\\tools\\ExecuteEditorCommandTool.ts","statementMap":{"0":{"start":{"line":23,"column":56},"end":{"line":23,"column":null}},"1":{"start":{"line":24,"column":38},"end":{"line":24,"column":null}},"2":{"start":{"line":28,"column":2},"end":{"line":31,"column":null}},"3":{"start":{"line":29,"column":4},"end":{"line":29,"column":null}},"4":{"start":{"line":30,"column":4},"end":{"line":30,"column":null}},"5":{"start":{"line":42,"column":2},"end":{"line":54,"column":null}},"6":{"start":{"line":43,"column":4},"end":{"line":53,"column":null}},"7":{"start":{"line":56,"column":2},"end":{"line":131,"column":null}},"8":{"start":{"line":58,"column":4},"end":{"line":58,"column":null}},"9":{"start":{"line":61,"column":4},"end":{"line":63,"column":null}},"10":{"start":{"line":66,"column":22},"end":{"line":66,"column":null}},"11":{"start":{"line":67,"column":19},"end":{"line":83,"column":null}},"12":{"start":{"line":69,"column":8},"end":{"line":69,"column":null}},"13":{"start":{"line":72,"column":8},"end":{"line":81,"column":null}},"14":{"start":{"line":74,"column":12},"end":{"line":79,"column":null}},"15":{"start":{"line":86,"column":26},"end":{"line":86,"column":null}},"16":{"start":{"line":88,"column":4},"end":{"line":103,"column":null}},"17":{"start":{"line":106,"column":23},"end":{"line":106,"column":null}},"18":{"start":{"line":108,"column":4},"end":{"line":118,"column":null}},"19":{"start":{"line":109,"column":6},"end":{"line":117,"column":null}},"20":{"start":{"line":110,"column":8},"end":{"line":110,"column":null}},"21":{"start":{"line":111,"column":6},"end":{"line":117,"column":null}},"22":{"start":{"line":112,"column":8},"end":{"line":112,"column":null}},"23":{"start":{"line":113,"column":6},"end":{"line":117,"column":null}},"24":{"start":{"line":114,"column":8},"end":{"line":114,"column":null}},"25":{"start":{"line":116,"column":8},"end":{"line":116,"column":null}},"26":{"start":{"line":120,"column":4},"end":{"line":130,"column":null}}},"fnMap":{"0":{"name":"resolveCommandResult","decl":{"start":{"line":27,"column":16},"end":{"line":27,"column":37}},"loc":{"start":{"line":27,"column":66},"end":{"line":32,"column":null}},"line":27},"1":{"name":"executeEditorCommand","decl":{"start":{"line":37,"column":22},"end":{"line":37,"column":null}},"loc":{"start":{"line":40,"column":58},"end":{"line":132,"column":null}},"line":40},"2":{"name":"(anonymous_2)","decl":{"start":{"line":68,"column":33},"end":{"line":68,"column":34}},"loc":{"start":{"line":68,"column":54},"end":{"line":70,"column":7}},"line":68},"3":{"name":"(anonymous_3)","decl":{"start":{"line":71,"column":25},"end":{"line":71,"column":26}},"loc":{"start":{"line":72,"column":8},"end":{"line":81,"column":null}},"line":72},"4":{"name":"(anonymous_4)","decl":{"start":{"line":73,"column":10},"end":{"line":73,"column":null}},"loc":{"start":{"line":74,"column":12},"end":{"line":79,"column":null}},"line":74}},"branchMap":{"0":{"loc":{"start":{"line":28,"column":2},"end":{"line":31,"column":null}},"type":"if","locations":[{"start":{"line":28,"column":2},"end":{"line":31,"column":null}},{"start":{},"end":{}}],"line":28},"1":{"loc":{"start":{"line":42,"column":2},"end":{"line":54,"column":null}},"type":"if","locations":[{"start":{"line":42,"column":2},"end":{"line":54,"column":null}},{"start":{},"end":{}}],"line":42},"2":{"loc":{"start":{"line":42,"column":6},"end":{"line":42,"column":69}},"type":"binary-expr","locations":[{"start":{"line":42,"column":6},"end":{"line":42,"column":15}},{"start":{"line":42,"column":15},"end":{"line":42,"column":43}},{"start":{"line":42,"column":43},"end":{"line":42,"column":69}}],"line":42},"3":{"loc":{"start":{"line":86,"column":40},"end":{"line":86,"column":null}},"type":"binary-expr","locations":[{"start":{"line":86,"column":40},"end":{"line":86,"column":60}},{"start":{"line":86,"column":60},"end":{"line":86,"column":null}}],"line":86},"4":{"loc":{"start":{"line":108,"column":4},"end":{"line":118,"column":null}},"type":"if","locations":[{"start":{"line":108,"column":4},"end":{"line":118,"column":null}},{"start":{},"end":{}}],"line":108},"5":{"loc":{"start":{"line":109,"column":6},"end":{"line":117,"column":null}},"type":"if","locations":[{"start":{"line":109,"column":6},"end":{"line":117,"column":null}},{"start":{"line":111,"column":6},"end":{"line":117,"column":null}}],"line":109},"6":{"loc":{"start":{"line":111,"column":6},"end":{"line":117,"column":null}},"type":"if","locations":[{"start":{"line":111,"column":6},"end":{"line":117,"column":null}},{"start":{"line":113,"column":6},"end":{"line":117,"column":null}}],"line":111},"7":{"loc":{"start":{"line":113,"column":6},"end":{"line":117,"column":null}},"type":"if","locations":[{"start":{"line":113,"column":6},"end":{"line":117,"column":null}},{"start":{"line":115,"column":13},"end":{"line":117,"column":null}}],"line":113}},"s":{"0":1,"1":1,"2":3,"3":2,"4":2,"5":6,"6":3,"7":3,"8":3,"9":3,"10":3,"11":3,"12":3,"13":3,"14":1,"15":2,"16":6,"17":1,"18":1,"19":1,"20":1,"21":0,"22":0,"23":0,"24":0,"25":0,"26":1},"f":{"0":3,"1":6,"2":3,"3":3,"4":1},"b":{"0":[2,1],"1":[3,3],"2":[6,4,4],"3":[2,0],"4":[1,0],"5":[1,0],"6":[0,0],"7":[0,0]},"meta":{"lastBranch":8,"lastFunction":5,"lastStatement":27,"seen":{"s:23:56:23:Infinity":0,"s:24:38:24:Infinity":1,"f:27:16:27:37":0,"b:28:2:31:Infinity:undefined:undefined:undefined:undefined":0,"s:28:2:31:Infinity":2,"s:29:4:29:Infinity":3,"s:30:4:30:Infinity":4,"f:37:22:37:Infinity":1,"b:42:2:54:Infinity:undefined:undefined:undefined:undefined":1,"s:42:2:54:Infinity":5,"b:42:6:42:15:42:15:42:43:42:43:42:69":2,"s:43:4:53:Infinity":6,"s:56:2:131:Infinity":7,"s:58:4:58:Infinity":8,"s:61:4:63:Infinity":9,"s:66:22:66:Infinity":10,"s:67:19:83:Infinity":11,"f:68:33:68:34":2,"s:69:8:69:Infinity":12,"f:71:25:71:26":3,"s:72:8:81:Infinity":13,"f:73:10:73:Infinity":4,"s:74:12:79:Infinity":14,"s:86:26:86:Infinity":15,"b:86:40:86:60:86:60:86:Infinity":3,"s:88:4:103:Infinity":16,"s:106:23:106:Infinity":17,"b:108:4:118:Infinity:undefined:undefined:undefined:undefined":4,"s:108:4:118:Infinity":18,"b:109:6:117:Infinity:111:6:117:Infinity":5,"s:109:6:117:Infinity":19,"s:110:8:110:Infinity":20,"b:111:6:117:Infinity:113:6:117:Infinity":6,"s:111:6:117:Infinity":21,"s:112:8:112:Infinity":22,"b:113:6:117:Infinity:115:13:117:Infinity":7,"s:113:6:117:Infinity":23,"s:114:8:114:Infinity":24,"s:116:8:116:Infinity":25,"s:120:4:130:Infinity":26}}}
,"D:\\workspace\\UnityMCP-VRC\\unity-mcp-server\\src\\tools\\GetEditorStateTool.ts": {"path":"D:\\workspace\\UnityMCP-VRC\\unity-mcp-server\\src\\tools\\GetEditorStateTool.ts","statementMap":{"0":{"start":{"line":21,"column":62},"end":{"line":21,"column":null}},"1":{"start":{"line":25,"column":2},"end":{"line":28,"column":null}},"2":{"start":{"line":26,"column":4},"end":{"line":26,"column":null}},"3":{"start":{"line":27,"column":4},"end":{"line":27,"column":null}},"4":{"start":{"line":38,"column":23},"end":{"line":38,"column":null}},"5":{"start":{"line":40,"column":2},"end":{"line":52,"column":null}},"6":{"start":{"line":41,"column":4},"end":{"line":51,"column":null}},"7":{"start":{"line":54,"column":2},"end":{"line":113,"column":null}},"8":{"start":{"line":56,"column":4},"end":{"line":56,"column":null}},"9":{"start":{"line":59,"column":22},"end":{"line":59,"column":null}},"10":{"start":{"line":60,"column":24},"end":{"line":76,"column":null}},"11":{"start":{"line":62,"column":8},"end":{"line":62,"column":null}},"12":{"start":{"line":65,"column":8},"end":{"line":74,"column":null}},"13":{"start":{"line":67,"column":12},"end":{"line":72,"column":null}},"14":{"start":{"line":80,"column":4},"end":{"line":85,"column":null}},"15":{"start":{"line":83,"column":8},"end":{"line":83,"column":null}},"16":{"start":{"line":84,"column":8},"end":{"line":84,"column":null}},"17":{"start":{"line":87,"column":4},"end":{"line":94,"column":null}},"18":{"start":{"line":96,"column":23},"end":{"line":96,"column":null}},"19":{"start":{"line":98,"column":4},"end":{"line":100,"column":null}},"20":{"start":{"line":99,"column":6},"end":{"line":99,"column":null}},"21":{"start":{"line":102,"column":4},"end":{"line":112,"column":null}}},"fnMap":{"0":{"name":"resolveUnityEditorState","decl":{"start":{"line":24,"column":16},"end":{"line":24,"column":40}},"loc":{"start":{"line":24,"column":72},"end":{"line":29,"column":null}},"line":24},"1":{"name":"getEditorState","decl":{"start":{"line":34,"column":22},"end":{"line":34,"column":null}},"loc":{"start":{"line":37,"column":58},"end":{"line":114,"column":null}},"line":37},"2":{"name":"(anonymous_2)","decl":{"start":{"line":61,"column":36},"end":{"line":61,"column":37}},"loc":{"start":{"line":61,"column":57},"end":{"line":63,"column":7}},"line":61},"3":{"name":"(anonymous_3)","decl":{"start":{"line":64,"column":25},"end":{"line":64,"column":26}},"loc":{"start":{"line":65,"column":8},"end":{"line":74,"column":null}},"line":65},"4":{"name":"(anonymous_4)","decl":{"start":{"line":66,"column":10},"end":{"line":66,"column":null}},"loc":{"start":{"line":67,"column":12},"end":{"line":72,"column":null}},"line":67}},"branchMap":{"0":{"loc":{"start":{"line":25,"column":2},"end":{"line":28,"column":null}},"type":"if","locations":[{"start":{"line":25,"column":2},"end":{"line":28,"column":null}},{"start":{},"end":{}}],"line":25},"1":{"loc":{"start":{"line":40,"column":2},"end":{"line":52,"column":null}},"type":"if","locations":[{"start":{"line":40,"column":2},"end":{"line":52,"column":null}},{"start":{},"end":{}}],"line":40},"2":{"loc":{"start":{"line":40,"column":6},"end":{"line":40,"column":48}},"type":"binary-expr","locations":[{"start":{"line":40,"column":6},"end":{"line":40,"column":16}},{"start":{"line":40,"column":16},"end":{"line":40,"column":48}}],"line":40},"3":{"loc":{"start":{"line":80,"column":4},"end":{"line":85,"column":null}},"type":"switch","locations":[{"start":{"line":81,"column":6},"end":{"line":81,"column":null}},{"start":{"line":82,"column":6},"end":{"line":84,"column":null}}],"line":80},"4":{"loc":{"start":{"line":98,"column":4},"end":{"line":100,"column":null}},"type":"if","locations":[{"start":{"line":98,"column":4},"end":{"line":100,"column":null}},{"start":{},"end":{}}],"line":98}},"s":{"0":1,"1":4,"2":3,"3":3,"4":5,"5":5,"6":1,"7":4,"8":4,"9":4,"10":4,"11":4,"12":4,"13":1,"14":3,"15":3,"16":3,"17":3,"18":1,"19":1,"20":1,"21":1},"f":{"0":4,"1":5,"2":4,"3":4,"4":1},"b":{"0":[3,1],"1":[1,4],"2":[5,5],"3":[3,3],"4":[1,0]},"meta":{"lastBranch":5,"lastFunction":5,"lastStatement":22,"seen":{"s:21:62:21:Infinity":0,"f:24:16:24:40":0,"b:25:2:28:Infinity:undefined:undefined:undefined:undefined":0,"s:25:2:28:Infinity":1,"s:26:4:26:Infinity":2,"s:27:4:27:Infinity":3,"f:34:22:34:Infinity":1,"s:38:23:38:Infinity":4,"b:40:2:52:Infinity:undefined:undefined:undefined:undefined":1,"s:40:2:52:Infinity":5,"b:40:6:40:16:40:16:40:48":2,"s:41:4:51:Infinity":6,"s:54:2:113:Infinity":7,"s:56:4:56:Infinity":8,"s:59:22:59:Infinity":9,"s:60:24:76:Infinity":10,"f:61:36:61:37":2,"s:62:8:62:Infinity":11,"f:64:25:64:26":3,"s:65:8:74:Infinity":12,"f:66:10:66:Infinity":4,"s:67:12:72:Infinity":13,"b:81:6:81:Infinity:82:6:84:Infinity":3,"s:80:4:85:Infinity":14,"s:83:8:83:Infinity":15,"s:84:8:84:Infinity":16,"s:87:4:94:Infinity":17,"s:96:23:96:Infinity":18,"b:98:4:100:Infinity:undefined:undefined:undefined:undefined":4,"s:98:4:100:Infinity":19,"s:99:6:99:Infinity":20,"s:102:4:112:Infinity":21}}}
,"D:\\workspace\\UnityMCP-VRC\\unity-mcp-server\\src\\tools\\GetLogsTool.ts": {"path":"D:\\workspace\\UnityMCP-VRC\\unity-mcp-server\\src\\tools\\GetLogsTool.ts","statementMap":{"0":{"start":{"line":20,"column":18},"end":{"line":28,"column":null}},"1":{"start":{"line":30,"column":15},"end":{"line":30,"column":null}},"2":{"start":{"line":31,"column":2},"end":{"line":38,"column":null}},"3":{"start":{"line":61,"column":6},"end":{"line":61,"column":null}},"4":{"start":{"line":64,"column":21},"end":{"line":86,"column":null}},"5":{"start":{"line":66,"column":4},"end":{"line":66,"column":null}},"6":{"start":{"line":66,"column":47},"end":{"line":66,"column":null}},"7":{"start":{"line":69,"column":4},"end":{"line":70,"column":null}},"8":{"start":{"line":70,"column":6},"end":{"line":70,"column":null}},"9":{"start":{"line":73,"column":4},"end":{"line":74,"column":null}},"10":{"start":{"line":74,"column":6},"end":{"line":74,"column":null}},"11":{"start":{"line":77,"column":4},"end":{"line":78,"column":null}},"12":{"start":{"line":78,"column":6},"end":{"line":78,"column":null}},"13":{"start":{"line":79,"column":4},"end":{"line":83,"column":null}},"14":{"start":{"line":83,"column":6},"end":{"line":83,"column":null}},"15":{"start":{"line":85,"column":4},"end":{"line":85,"column":null}},"16":{"start":{"line":89,"column":2},"end":{"line":89,"column":null}},"17":{"start":{"line":92,"column":2},"end":{"line":109,"column":null}},"18":{"start":{"line":93,"column":4},"end":{"line":108,"column":null}},"19":{"start":{"line":94,"column":48},"end":{"line":94,"column":null}},"20":{"start":{"line":95,"column":6},"end":{"line":106,"column":null}},"21":{"start":{"line":96,"column":8},"end":{"line":105,"column":null}},"22":{"start":{"line":103,"column":10},"end":{"line":104,"column":null}},"23":{"start":{"line":107,"column":6},"end":{"line":107,"column":null}},"24":{"start":{"line":111,"column":2},"end":{"line":111,"column":null}}},"fnMap":{"0":{"name":"getLogs","decl":{"start":{"line":16,"column":16},"end":{"line":16,"column":null}},"loc":{"start":{"line":19,"column":49},"end":{"line":39,"column":null}},"line":19},"1":{"name":"filterLogs","decl":{"start":{"line":41,"column":9},"end":{"line":41,"column":null}},"loc":{"start":{"line":52,"column":9},"end":{"line":112,"column":null}},"line":52},"2":{"name":"(anonymous_2)","decl":{"start":{"line":64,"column":38},"end":{"line":64,"column":39}},"loc":{"start":{"line":64,"column":47},"end":{"line":86,"column":3}},"line":64},"3":{"name":"(anonymous_3)","decl":{"start":{"line":93,"column":28},"end":{"line":93,"column":29}},"loc":{"start":{"line":93,"column":37},"end":{"line":108,"column":5}},"line":93},"4":{"name":"(anonymous_4)","decl":{"start":{"line":95,"column":21},"end":{"line":95,"column":22}},"loc":{"start":{"line":95,"column":32},"end":{"line":106,"column":7}},"line":95}},"branchMap":{"0":{"loc":{"start":{"line":22,"column":11},"end":{"line":22,"column":null}},"type":"binary-expr","locations":[{"start":{"line":22,"column":11},"end":{"line":22,"column":26}},{"start":{"line":22,"column":26},"end":{"line":22,"column":null}}],"line":22},"1":{"loc":{"start":{"line":55,"column":4},"end":{"line":55,"column":null}},"type":"default-arg","locations":[{"start":{"line":55,"column":12},"end":{"line":55,"column":null}}],"line":55},"2":{"loc":{"start":{"line":66,"column":4},"end":{"line":66,"column":null}},"type":"if","locations":[{"start":{"line":66,"column":4},"end":{"line":66,"column":null}},{"start":{},"end":{}}],"line":66},"3":{"loc":{"start":{"line":66,"column":8},"end":{"line":66,"column":47}},"type":"binary-expr","locations":[{"start":{"line":66,"column":8},"end":{"line":66,"column":17}},{"start":{"line":66,"column":17},"end":{"line":66,"column":47}}],"line":66},"4":{"loc":{"start":{"line":69,"column":4},"end":{"line":70,"column":null}},"type":"if","locations":[{"start":{"line":69,"column":4},"end":{"line":70,"column":null}},{"start":{},"end":{}}],"line":69},"5":{"loc":{"start":{"line":69,"column":8},"end":{"line":69,"column":null}},"type":"binary-expr","locations":[{"start":{"line":69,"column":8},"end":{"line":69,"column":27}},{"start":{"line":69,"column":27},"end":{"line":69,"column":null}}],"line":69},"6":{"loc":{"start":{"line":73,"column":4},"end":{"line":74,"column":null}},"type":"if","locations":[{"start":{"line":73,"column":4},"end":{"line":74,"column":null}},{"start":{},"end":{}}],"line":73},"7":{"loc":{"start":{"line":73,"column":8},"end":{"line":73,"column":null}},"type":"binary-expr","locations":[{"start":{"line":73,"column":8},"end":{"line":73,"column":30}},{"start":{"line":73,"column":30},"end":{"line":73,"column":null}}],"line":73},"8":{"loc":{"start":{"line":77,"column":4},"end":{"line":78,"column":null}},"type":"if","locations":[{"start":{"line":77,"column":4},"end":{"line":78,"column":null}},{"start":{},"end":{}}],"line":77},"9":{"loc":{"start":{"line":77,"column":8},"end":{"line":77,"column":null}},"type":"binary-expr","locations":[{"start":{"line":77,"column":8},"end":{"line":77,"column":26}},{"start":{"line":77,"column":26},"end":{"line":77,"column":null}}],"line":77},"10":{"loc":{"start":{"line":79,"column":4},"end":{"line":83,"column":null}},"type":"if","locations":[{"start":{"line":79,"column":4},"end":{"line":83,"column":null}},{"start":{},"end":{}}],"line":79},"11":{"loc":{"start":{"line":80,"column":6},"end":{"line":81,"column":null}},"type":"binary-expr","locations":[{"start":{"line":80,"column":6},"end":{"line":80,"column":null}},{"start":{"line":81,"column":6},"end":{"line":81,"column":null}}],"line":80},"12":{"loc":{"start":{"line":92,"column":2},"end":{"line":109,"column":null}},"type":"if","locations":[{"start":{"line":92,"column":2},"end":{"line":109,"column":null}},{"start":{},"end":{}}],"line":92},"13":{"loc":{"start":{"line":96,"column":8},"end":{"line":105,"column":null}},"type":"if","locations":[{"start":{"line":96,"column":8},"end":{"line":105,"column":null}},{"start":{},"end":{}}],"line":96},"14":{"loc":{"start":{"line":97,"column":10},"end":{"line":101,"column":null}},"type":"binary-expr","locations":[{"start":{"line":97,"column":10},"end":{"line":97,"column":null}},{"start":{"line":98,"column":11},"end":{"line":98,"column":null}},{"start":{"line":99,"column":12},"end":{"line":99,"column":null}},{"start":{"line":100,"column":12},"end":{"line":100,"column":null}},{"start":{"line":101,"column":12},"end":{"line":101,"column":null}}],"line":97}},"s":{"0":11,"1":11,"2":11,"3":11,"4":11,"5":183,"6":4,"7":179,"8":2,"9":177,"10":1,"11":176,"12":1,"13":175,"14":1,"15":174,"16":11,"17":11,"18":1,"19":1,"20":1,"21":2,"22":2,"23":1,"24":10},"f":{"0":11,"1":11,"2":183,"3":1,"4":2},"b":{"0":[11,10],"1":[11],"2":[4,179],"3":[183,9],"4":[2,177],"5":[179,6],"6":[1,176],"7":[177,3],"8":[1,175],"9":[176,4],"10":[1,174],"11":[175,3],"12":[1,10],"13":[2,0],"14":[2,2,1,1,0]},"meta":{"lastBranch":15,"lastFunction":5,"lastStatement":25,"seen":{"f:16:16:16:Infinity":0,"s:20:18:28:Infinity":0,"b:22:11:22:26:22:26:22:Infinity":0,"s:30:15:30:Infinity":1,"s:31:2:38:Infinity":2,"f:41:9:41:Infinity":1,"s:61:6:61:Infinity":3,"b:55:12:55:Infinity":1,"s:64:21:86:Infinity":4,"f:64:38:64:39":2,"b:66:4:66:Infinity:undefined:undefined:undefined:undefined":2,"s:66:4:66:Infinity":5,"b:66:8:66:17:66:17:66:47":3,"s:66:47:66:Infinity":6,"b:69:4:70:Infinity:undefined:undefined:undefined:undefined":4,"s:69:4:70:Infinity":7,"b:69:8:69:27:69:27:69:Infinity":5,"s:70:6:70:Infinity":8,"b:73:4:74:Infinity:undefined:undefined:undefined:undefined":6,"s:73:4:74:Infinity":9,"b:73:8:73:30:73:30:73:Infinity":7,"s:74:6:74:Infinity":10,"b:77:4:78:Infinity:undefined:undefined:undefined:undefined":8,"s:77:4:78:Infinity":11,"b:77:8:77:26:77:26:77:Infinity":9,"s:78:6:78:Infinity":12,"b:79:4:83:Infinity:undefined:undefined:undefined:undefined":10,"s:79:4:83:Infinity":13,"b:80:6:80:Infinity:81:6:81:Infinity":11,"s:83:6:83:Infinity":14,"s:85:4:85:Infinity":15,"s:89:2:89:Infinity":16,"b:92:2:109:Infinity:undefined:undefined:undefined:undefined":12,"s:92:2:109:Infinity":17,"s:93:4:108:Infinity":18,"f:93:28:93:29":3,"s:94:48:94:Infinity":19,"s:95:6:106:Infinity":20,"f:95:21:95:22":4,"b:96:8:105:Infinity:undefined:undefined:undefined:undefined":13,"s:96:8:105:Infinity":21,"b:97:10:97:Infinity:98:11:98:Infinity:99:12:99:Infinity:100:12:100:Infinity:101:12:101:Infinity":14,"s:103:10:104:Infinity":22,"s:107:6:107:Infinity":23,"s:111:2:111:Infinity":24}}}
,"D:\\workspace\\UnityMCP-VRC\\unity-mcp-server\\src\\tools\\types.ts": {"path":"D:\\workspace\\UnityMCP-VRC\\unity-mcp-server\\src\\tools\\types.ts","statementMap":{},"fnMap":{},"branchMap":{},"s":{},"f":{},"b":{},"meta":{"lastBranch":0,"lastFunction":0,"lastStatement":0,"seen":{}}}
}
